<?xml version="1.0" encoding="UTF-8"?>
<!-- Generated by org.testng.reporters.JUnitXMLReporter -->
<testsuite ignored="0" hostname="DESKTOP-9B17GPK" failures="0" tests="5" name="Default test" time="19.289" errors="0" timestamp="2026-02-24T13:25:48 IST">
  <testcase classname="com.debs.tests.bookflights.BookFlightTest" name="invalidUser" time="3.741"/>
  <testcase classname="com.debs.tests.bookflights.BookFlightTest" name="validUser" time="4.255"/>
  <testcase classname="com.debs.tests.bookflights.BookFlightTest" name="validUser" time="2.753"/>
  <testcase classname="com.debs.tests.bookflights.BookFlightTest" name="validUser" time="4.451"/>
  <testcase classname="com.debs.tests.bookflights.BookFlightTest" name="validUser" time="2.806"/>
</testsuite> <!-- Default test -->
