<?xml version="1.0" encoding="UTF-8"?>
<!-- Generated by org.testng.reporters.JUnitXMLReporter -->
<testsuite ignored="0" hostname="DESKTOP-9B17GPK" failures="0" tests="3" name="Default test" time="7.604" errors="0" timestamp="2026-02-25T00:01:10 IST">
  <testcase classname="com.debs.tests.vendorapp.VendorAppTest" name="vendorData" time="0.035"/>
  <testcase classname="com.debs.tests.vendorapp.VendorAppTest" name="vendorData" time="0.03"/>
  <testcase classname="com.debs.tests.vendorapp.VendorAppTest" name="vendorData" time="0.029"/>
</testsuite> <!-- Default test -->
