<?xml version="1.0" encoding="UTF-8"?>
<!-- Generated by org.testng.reporters.JUnitXMLReporter -->
<testsuite ignored="0" hostname="DESKTOP-9B17GPK" failures="1" tests="5" name="Book flights Test" time="52.543" errors="0" timestamp="2026-03-03T17:41:31 IST">
  <testcase classname="com.debs.tests.vendorapp.VendorAppTest" name="vendorData" time="24.688">
    <skipped/>
  </testcase> <!-- vendorData -->
  <testcase classname="com.debs.tests.vendorapp.VendorAppTest" name="vendorData" time="8.575">
    <skipped/>
  </testcase> <!-- vendorData -->
  <testcase classname="com.debs.tests.vendorapp.VendorAppTest" name="vendorData" time="38.447"/>
  <testcase classname="com.debs.tests.vendorapp.VendorAppTest" name="vendorData" time="9.285">
    <failure type="java.lang.AssertionError" message="expected [99] but found [10]">
      <![CDATA[java.lang.AssertionError: expected [99] but found [10]
at com.debs.tests.vendorapp.VendorAppTest.vendorData(VendorAppTest.java:47)
at java.base/java.util.concurrent.ThreadPoolExecutor.runWorker(ThreadPoolExecutor.java:1136)
at java.base/java.util.concurrent.ThreadPoolExecutor$Worker.run(ThreadPoolExecutor.java:635)
at java.base/java.lang.Thread.run(Thread.java:833)
... Removed 16 stack frames]]>
    </failure>
  </testcase> <!-- vendorData -->
  <testcase classname="com.debs.tests.vendorapp.VendorAppTest" name="vendorData" time="51.348"/>
</testsuite> <!-- Book flights Test -->
