<?xml version="1.0" encoding="UTF-8"?>
<!-- Generated by org.testng.reporters.JUnitXMLReporter -->
<testsuite ignored="0" hostname="DESKTOP-9B17GPK" failures="0" tests="3" name="Book flights Test" time="23.823" errors="0" timestamp="2026-02-25T13:39:20 IST">
  <testcase classname="com.debs.tests.vendorapp.VendorAppTest" name="vendorData" time="22.15"/>
  <testcase classname="com.debs.tests.vendorapp.VendorAppTest" name="vendorData" time="22.385"/>
  <testcase classname="com.debs.tests.vendorapp.VendorAppTest" name="vendorData" time="22.584"/>
</testsuite> <!-- Book flights Test -->
