<?xml version="1.0" encoding="UTF-8"?>
<!-- Generated by org.testng.reporters.JUnitXMLReporter -->
<testsuite ignored="0" hostname="DESKTOP-9B17GPK" failures="0" tests="5" name="Test" time="22.115" errors="0" timestamp="2026-02-24T21:49:01 IST">
  <testcase classname="com.debs.tests.bookflights.BookFlightTest" name="invalidUser" time="11.112"/>
  <testcase classname="com.debs.tests.bookflights.BookFlightTest" name="validUser" time="15.655"/>
  <testcase classname="com.debs.tests.bookflights.BookFlightTest" name="validUser" time="18.584"/>
  <testcase classname="com.debs.tests.bookflights.BookFlightTest" name="validUser" time="19.659"/>
  <testcase classname="com.debs.tests.bookflights.BookFlightTest" name="validUser" time="20.707"/>
</testsuite> <!-- Test -->
