<?xml version="1.0" encoding="UTF-8"?>
<testng-results retried="2" ignored="0" total="5" passed="2" failed="1" skipped="0">
  <reporter-output>
  </reporter-output>
  <suite started-at="2026-03-03T17:40:38 IST" name="Suite" finished-at="2026-03-03T17:41:31 IST" duration-ms="52543">
    <groups>
    </groups>
    <test started-at="2026-03-03T17:40:38 IST" name="Book flights Test" finished-at="2026-03-03T17:41:31 IST" duration-ms="52543">
      <class name="com.debs.tests.vendorapp.VendorAppTest">
        <test-method is-config="true" signature="setUpProperties()[pri:0, instance:com.debs.tests.vendorapp.VendorAppTest@56db847e]" started-at="2026-03-03T17:40:38 IST" name="setUpProperties" finished-at="2026-03-03T17:40:38 IST" duration-ms="114" status="PASS">
          <reporter-output>
          </reporter-output>
        </test-method> <!-- setUpProperties -->
        <test-method is-config="true" signature="setPageObjects(java.lang.String)[pri:0, instance:com.debs.tests.vendorapp.VendorAppTest@56db847e]" started-at="2026-03-03T17:40:38 IST" name="setPageObjects" finished-at="2026-03-03T17:40:38 IST" duration-ms="2" status="PASS">
          <params>
            <param index="0">
              <value>
                <![CDATA[vendorapp]]>
              </value>
            </param>
          </params>
          <reporter-output>
          </reporter-output>
        </test-method> <!-- setPageObjects -->
        <test-method signature="vendorData(com.debs.records.vendorapp.VendorPortalTestData)[pri:0, instance:com.debs.tests.vendorapp.VendorAppTest@56db847e]" started-at="2026-03-03T17:40:38 IST" name="vendorData" data-provider="jsonData" finished-at="2026-03-03T17:41:30 IST" duration-ms="51348" status="PASS">
          <params>
            <param index="0">
              <value>
                <![CDATA[VendorPortalTestData[username=john, password=john, monthlyEarning=$3,453, annualEarning=$34,485, profitMargin=-16%, availableInventory=67, searchKeyword=2024/01/01, searchResultsCount=0]]]>
              </value>
            </param>
          </params>
          <reporter-output>
          </reporter-output>
        </test-method> <!-- vendorData -->
        <test-method signature="vendorData(com.debs.records.vendorapp.VendorPortalTestData)[pri:0, instance:com.debs.tests.vendorapp.VendorAppTest@56db847e]" started-at="2026-03-03T17:40:38 IST" name="vendorData" data-provider="jsonData" finished-at="2026-03-03T17:41:17 IST" duration-ms="38447" status="PASS">
          <params>
            <param index="0">
              <value>
                <![CDATA[VendorPortalTestData[username=sam, password=sam, monthlyEarning=$40,000, annualEarning=$215,000, profitMargin=50%, availableInventory=18, searchKeyword=adams, searchResultsCount=8]]]>
              </value>
            </param>
          </params>
          <reporter-output>
          </reporter-output>
        </test-method> <!-- vendorData -->
        <test-method retried="true" signature="vendorData(com.debs.records.vendorapp.VendorPortalTestData)[pri:0, instance:com.debs.tests.vendorapp.VendorAppTest@56db847e]" started-at="2026-03-03T17:40:38 IST" name="vendorData" data-provider="jsonData" finished-at="2026-03-03T17:41:03 IST" duration-ms="24688" status="SKIP">
          <params>
            <param index="0">
              <value>
                <![CDATA[VendorPortalTestData[username=mike, password=mike, monthlyEarning=$55,000, annualEarning=$563,300, profitMargin=80%, availableInventory=45, searchKeyword=miami, searchResultsCount=99]]]>
              </value>
            </param>
          </params>
          <exception class="java.lang.AssertionError">
            <message>
              <![CDATA[expected [99] but found [10]]]>
            </message>
            <full-stacktrace>
              <![CDATA[java.lang.AssertionError: expected [99] but found [10]
at org.testng.Assert.fail(Assert.java:111)
at org.testng.Assert.failNotEquals(Assert.java:1590)
at org.testng.Assert.assertEqualsImpl(Assert.java:150)
at org.testng.Assert.assertEquals(Assert.java:132)
at org.testng.Assert.assertEquals(Assert.java:1431)
at org.testng.Assert.assertEquals(Assert.java:1395)
at org.testng.Assert.assertEquals(Assert.java:1441)
at com.debs.tests.vendorapp.VendorAppTest.vendorData(VendorAppTest.java:47)
at java.base/jdk.internal.reflect.NativeMethodAccessorImpl.invoke0(Native Method)
at java.base/jdk.internal.reflect.NativeMethodAccessorImpl.invoke(NativeMethodAccessorImpl.java:77)
at java.base/jdk.internal.reflect.DelegatingMethodAccessorImpl.invoke(DelegatingMethodAccessorImpl.java:43)
at java.base/java.lang.reflect.Method.invoke(Method.java:568)
at org.testng.internal.invokers.MethodInvocationHelper.invokeMethod(MethodInvocationHelper.java:141)
at org.testng.internal.invokers.TestInvoker.invokeMethod(TestInvoker.java:687)
at org.testng.internal.invokers.TestInvoker.invokeTestMethod(TestInvoker.java:230)
at org.testng.internal.invokers.TestMethodWithDataProviderMethodWorker.call(TestMethodWithDataProviderMethodWorker.java:81)
at org.testng.internal.thread.Async$AsyncTask.run(Async.java:34)
at java.base/java.util.concurrent.ThreadPoolExecutor.runWorker(ThreadPoolExecutor.java:1136)
at java.base/java.util.concurrent.ThreadPoolExecutor$Worker.run(ThreadPoolExecutor.java:635)
at java.base/java.lang.Thread.run(Thread.java:833)
]]>
            </full-stacktrace>
          </exception> <!-- java.lang.AssertionError -->
          <reporter-output>
          </reporter-output>
        </test-method> <!-- vendorData -->
        <test-method is-config="true" signature="tearDown()[pri:0, instance:com.debs.tests.vendorapp.VendorAppTest@56db847e]" started-at="2026-03-03T17:41:03 IST" name="tearDown" finished-at="2026-03-03T17:41:05 IST" duration-ms="1956" status="PASS">
          <reporter-output>
          </reporter-output>
        </test-method> <!-- tearDown -->
        <test-method retried="true" signature="vendorData(com.debs.records.vendorapp.VendorPortalTestData)[pri:0, instance:com.debs.tests.vendorapp.VendorAppTest@56db847e]" started-at="2026-03-03T17:41:05 IST" name="vendorData" data-provider="jsonData" finished-at="2026-03-03T17:41:14 IST" duration-ms="8575" status="SKIP">
          <params>
            <param index="0">
              <value>
                <![CDATA[VendorPortalTestData[username=mike, password=mike, monthlyEarning=$55,000, annualEarning=$563,300, profitMargin=80%, availableInventory=45, searchKeyword=miami, searchResultsCount=99]]]>
              </value>
            </param>
          </params>
          <exception class="java.lang.AssertionError">
            <message>
              <![CDATA[expected [99] but found [10]]]>
            </message>
            <full-stacktrace>
              <![CDATA[java.lang.AssertionError: expected [99] but found [10]
at org.testng.Assert.fail(Assert.java:111)
at org.testng.Assert.failNotEquals(Assert.java:1590)
at org.testng.Assert.assertEqualsImpl(Assert.java:150)
at org.testng.Assert.assertEquals(Assert.java:132)
at org.testng.Assert.assertEquals(Assert.java:1431)
at org.testng.Assert.assertEquals(Assert.java:1395)
at org.testng.Assert.assertEquals(Assert.java:1441)
at com.debs.tests.vendorapp.VendorAppTest.vendorData(VendorAppTest.java:47)
at java.base/jdk.internal.reflect.NativeMethodAccessorImpl.invoke0(Native Method)
at java.base/jdk.internal.reflect.NativeMethodAccessorImpl.invoke(NativeMethodAccessorImpl.java:77)
at java.base/jdk.internal.reflect.DelegatingMethodAccessorImpl.invoke(DelegatingMethodAccessorImpl.java:43)
at java.base/java.lang.reflect.Method.invoke(Method.java:568)
at org.testng.internal.invokers.MethodInvocationHelper.invokeMethod(MethodInvocationHelper.java:141)
at org.testng.internal.invokers.TestInvoker.invokeMethod(TestInvoker.java:687)
at org.testng.internal.invokers.TestInvoker.retryFailed(TestInvoker.java:269)
at org.testng.internal.invokers.TestMethodWithDataProviderMethodWorker.call(TestMethodWithDataProviderMethodWorker.java:105)
at org.testng.internal.thread.Async$AsyncTask.run(Async.java:34)
at java.base/java.util.concurrent.ThreadPoolExecutor.runWorker(ThreadPoolExecutor.java:1136)
at java.base/java.util.concurrent.ThreadPoolExecutor$Worker.run(ThreadPoolExecutor.java:635)
at java.base/java.lang.Thread.run(Thread.java:833)
]]>
            </full-stacktrace>
          </exception> <!-- java.lang.AssertionError -->
          <reporter-output>
          </reporter-output>
        </test-method> <!-- vendorData -->
        <test-method is-config="true" signature="tearDown()[pri:0, instance:com.debs.tests.vendorapp.VendorAppTest@56db847e]" started-at="2026-03-03T17:41:14 IST" name="tearDown" finished-at="2026-03-03T17:41:15 IST" duration-ms="1103" status="PASS">
          <reporter-output>
          </reporter-output>
        </test-method> <!-- tearDown -->
        <test-method signature="vendorData(com.debs.records.vendorapp.VendorPortalTestData)[pri:0, instance:com.debs.tests.vendorapp.VendorAppTest@56db847e]" started-at="2026-03-03T17:41:15 IST" name="vendorData" data-provider="jsonData" finished-at="2026-03-03T17:41:24 IST" duration-ms="9285" status="FAIL">
          <params>
            <param index="0">
              <value>
                <![CDATA[VendorPortalTestData[username=mike, password=mike, monthlyEarning=$55,000, annualEarning=$563,300, profitMargin=80%, availableInventory=45, searchKeyword=miami, searchResultsCount=99]]]>
              </value>
            </param>
          </params>
          <exception class="java.lang.AssertionError">
            <message>
              <![CDATA[expected [99] but found [10]]]>
            </message>
            <full-stacktrace>
              <![CDATA[java.lang.AssertionError: expected [99] but found [10]
at org.testng.Assert.fail(Assert.java:111)
at org.testng.Assert.failNotEquals(Assert.java:1590)
at org.testng.Assert.assertEqualsImpl(Assert.java:150)
at org.testng.Assert.assertEquals(Assert.java:132)
at org.testng.Assert.assertEquals(Assert.java:1431)
at org.testng.Assert.assertEquals(Assert.java:1395)
at org.testng.Assert.assertEquals(Assert.java:1441)
at com.debs.tests.vendorapp.VendorAppTest.vendorData(VendorAppTest.java:47)
at java.base/jdk.internal.reflect.NativeMethodAccessorImpl.invoke0(Native Method)
at java.base/jdk.internal.reflect.NativeMethodAccessorImpl.invoke(NativeMethodAccessorImpl.java:77)
at java.base/jdk.internal.reflect.DelegatingMethodAccessorImpl.invoke(DelegatingMethodAccessorImpl.java:43)
at java.base/java.lang.reflect.Method.invoke(Method.java:568)
at org.testng.internal.invokers.MethodInvocationHelper.invokeMethod(MethodInvocationHelper.java:141)
at org.testng.internal.invokers.TestInvoker.invokeMethod(TestInvoker.java:687)
at org.testng.internal.invokers.TestInvoker.retryFailed(TestInvoker.java:269)
at org.testng.internal.invokers.TestMethodWithDataProviderMethodWorker.call(TestMethodWithDataProviderMethodWorker.java:105)
at org.testng.internal.thread.Async$AsyncTask.run(Async.java:34)
at java.base/java.util.concurrent.ThreadPoolExecutor.runWorker(ThreadPoolExecutor.java:1136)
at java.base/java.util.concurrent.ThreadPoolExecutor$Worker.run(ThreadPoolExecutor.java:635)
at java.base/java.lang.Thread.run(Thread.java:833)
]]>
            </full-stacktrace>
          </exception> <!-- java.lang.AssertionError -->
          <reporter-output>
          </reporter-output>
        </test-method> <!-- vendorData -->
        <test-method is-config="true" signature="tearDown()[pri:0, instance:com.debs.tests.vendorapp.VendorAppTest@56db847e]" started-at="2026-03-03T17:41:17 IST" name="tearDown" finished-at="2026-03-03T17:41:20 IST" duration-ms="2663" status="PASS">
          <reporter-output>
          </reporter-output>
        </test-method> <!-- tearDown -->
        <test-method is-config="true" signature="tearDown()[pri:0, instance:com.debs.tests.vendorapp.VendorAppTest@56db847e]" started-at="2026-03-03T17:41:25 IST" name="tearDown" finished-at="2026-03-03T17:41:26 IST" duration-ms="816" status="PASS">
          <reporter-output>
          </reporter-output>
        </test-method> <!-- tearDown -->
        <test-method is-config="true" signature="tearDown()[pri:0, instance:com.debs.tests.vendorapp.VendorAppTest@56db847e]" started-at="2026-03-03T17:41:30 IST" name="tearDown" finished-at="2026-03-03T17:41:31 IST" duration-ms="810" status="PASS">
          <reporter-output>
          </reporter-output>
        </test-method> <!-- tearDown -->
      </class> <!-- com.debs.tests.vendorapp.VendorAppTest -->
    </test> <!-- Book flights Test -->
  </suite> <!-- Suite -->
</testng-results>
