<?xml version="1.0" encoding="UTF-8"?>
<testng-results ignored="0" total="3" passed="3" failed="0" skipped="0">
  <reporter-output>
  </reporter-output>
  <suite started-at="2026-02-25T00:01:02 IST" name="Default suite" finished-at="2026-02-25T00:01:10 IST" duration-ms="7604">
    <groups>
    </groups>
    <test started-at="2026-02-25T00:01:02 IST" name="Default test" finished-at="2026-02-25T00:01:10 IST" duration-ms="7604">
      <class name="com.debs.tests.vendorapp.VendorAppTest">
        <test-method signature="vendorData(com.debs.records.vendorapp.VendorPortalTestData)[pri:0, instance:com.debs.tests.vendorapp.VendorAppTest@22c86919]" started-at="2026-02-25T00:01:03 IST" name="vendorData" data-provider="jsonData" finished-at="2026-02-25T00:01:03 IST" duration-ms="35" status="PASS">
          <params>
            <param index="0">
              <value>
                <![CDATA[VendorPortalTestData[username=john, password=john, monthlyEarning=$3,453, annualEarning=$34,485, profitMargin=-16%, availableInventory=67, searchKeyword=2024/01/01, searchResultsCount=0]]]>
              </value>
            </param>
          </params>
          <reporter-output>
          </reporter-output>
        </test-method> <!-- vendorData -->
        <test-method signature="vendorData(com.debs.records.vendorapp.VendorPortalTestData)[pri:0, instance:com.debs.tests.vendorapp.VendorAppTest@22c86919]" started-at="2026-02-25T00:01:03 IST" name="vendorData" data-provider="jsonData" finished-at="2026-02-25T00:01:03 IST" duration-ms="29" status="PASS">
          <params>
            <param index="0">
              <value>
                <![CDATA[VendorPortalTestData[username=sam, password=sam, monthlyEarning=$40,000, annualEarning=$215,000, profitMargin=50%, availableInventory=18, searchKeyword=adams, searchResultsCount=8]]]>
              </value>
            </param>
          </params>
          <reporter-output>
          </reporter-output>
        </test-method> <!-- vendorData -->
        <test-method signature="vendorData(com.debs.records.vendorapp.VendorPortalTestData)[pri:0, instance:com.debs.tests.vendorapp.VendorAppTest@22c86919]" started-at="2026-02-25T00:01:03 IST" name="vendorData" data-provider="jsonData" finished-at="2026-02-25T00:01:03 IST" duration-ms="30" status="PASS">
          <params>
            <param index="0">
              <value>
                <![CDATA[VendorPortalTestData[username=mike, password=mike, monthlyEarning=$55,000, annualEarning=$563,300, profitMargin=80%, availableInventory=45, searchKeyword=miami, searchResultsCount=10]]]>
              </value>
            </param>
          </params>
          <reporter-output>
          </reporter-output>
        </test-method> <!-- vendorData -->
        <test-method is-config="true" signature="tearDown()[pri:0, instance:com.debs.tests.vendorapp.VendorAppTest@22c86919]" started-at="2026-02-25T00:01:03 IST" name="tearDown" finished-at="2026-02-25T00:01:10 IST" duration-ms="7173" status="PASS">
          <reporter-output>
          </reporter-output>
        </test-method> <!-- tearDown -->
        <test-method is-config="true" signature="tearDown()[pri:0, instance:com.debs.tests.vendorapp.VendorAppTest@22c86919]" started-at="2026-02-25T00:01:03 IST" name="tearDown" finished-at="2026-02-25T00:01:10 IST" duration-ms="7236" status="PASS">
          <reporter-output>
          </reporter-output>
        </test-method> <!-- tearDown -->
        <test-method is-config="true" signature="tearDown()[pri:0, instance:com.debs.tests.vendorapp.VendorAppTest@22c86919]" started-at="2026-02-25T00:01:03 IST" name="tearDown" finished-at="2026-02-25T00:01:10 IST" duration-ms="7177" status="PASS">
          <reporter-output>
          </reporter-output>
        </test-method> <!-- tearDown -->
      </class> <!-- com.debs.tests.vendorapp.VendorAppTest -->
    </test> <!-- Default test -->
  </suite> <!-- Default suite -->
</testng-results>
