<?xml version="1.0" encoding="UTF-8"?>
<!-- Generated by org.testng.reporters.JUnitReportReporter -->
<testsuite hostname="DESKTOP-9B17GPK" failures="0" tests="5" name="com.debs.tests.bookflights.BookFlightTest" time="95.493" errors="0" timestamp="2026-02-24T21:49:02 IST" skipped="0">
  <testcase classname="com.debs.tests.bookflights.BookFlightTest" name="validUser" time="24.754"/>
  <testcase classname="com.debs.tests.bookflights.BookFlightTest" name="invalidUser" time="13.157"/>
  <testcase classname="com.debs.tests.bookflights.BookFlightTest" name="validUser" time="19.876"/>
  <testcase classname="com.debs.tests.bookflights.BookFlightTest" name="validUser" time="20.885"/>
  <testcase classname="com.debs.tests.bookflights.BookFlightTest" name="validUser" time="16.821"/>
</testsuite> <!-- com.debs.tests.bookflights.BookFlightTest -->
