<?xml version="1.0" encoding="UTF-8"?>
<!-- Generated by org.testng.reporters.JUnitReportReporter -->
<testsuite hostname="DESKTOP-9B17GPK" failures="1" tests="5" name="com.debs.tests.vendorapp.VendorAppTest" time="139.691" errors="0" timestamp="2026-03-03T17:41:31 IST" skipped="2">
  <testcase classname="com.debs.tests.vendorapp.VendorAppTest" name="vendorData" time="52.164"/>
  <testcase classname="com.debs.tests.vendorapp.VendorAppTest" name="vendorData" time="10.388">
    <failure message="expected [99] but found [10]" type="java.lang.AssertionError">
      <![CDATA[java.lang.AssertionError: expected [99] but found [10]
at org.testng.Assert.fail(Assert.java:111)
at org.testng.Assert.failNotEquals(Assert.java:1590)
at org.testng.Assert.assertEqualsImpl(Assert.java:150)
at org.testng.Assert.assertEquals(Assert.java:132)
at org.testng.Assert.assertEquals(Assert.java:1431)
at org.testng.Assert.assertEquals(Assert.java:1395)
at org.testng.Assert.assertEquals(Assert.java:1441)
at com.debs.tests.vendorapp.VendorAppTest.vendorData(VendorAppTest.java:47)
at java.base/jdk.internal.reflect.NativeMethodAccessorImpl.invoke0(Native Method)
at java.base/jdk.internal.reflect.NativeMethodAccessorImpl.invoke(NativeMethodAccessorImpl.java:77)
at java.base/jdk.internal.reflect.DelegatingMethodAccessorImpl.invoke(DelegatingMethodAccessorImpl.java:43)
at java.base/java.lang.reflect.Method.invoke(Method.java:568)
at org.testng.internal.invokers.MethodInvocationHelper.invokeMethod(MethodInvocationHelper.java:141)
at org.testng.internal.invokers.TestInvoker.invokeMethod(TestInvoker.java:687)
at org.testng.internal.invokers.TestInvoker.retryFailed(TestInvoker.java:269)
at org.testng.internal.invokers.TestMethodWithDataProviderMethodWorker.call(TestMethodWithDataProviderMethodWorker.java:105)
at org.testng.internal.thread.Async$AsyncTask.run(Async.java:34)
at java.base/java.util.concurrent.ThreadPoolExecutor.runWorker(ThreadPoolExecutor.java:1136)
at java.base/java.util.concurrent.ThreadPoolExecutor$Worker.run(ThreadPoolExecutor.java:635)
at java.base/java.lang.Thread.run(Thread.java:833)
]]>
    </failure>
  </testcase> <!-- vendorData -->
  <testcase classname="com.debs.tests.vendorapp.VendorAppTest" name="vendorData" time="41.110"/>
  <testcase classname="com.debs.tests.vendorapp.VendorAppTest" name="vendorData" time="10.531">
    <skipped/>
  </testcase> <!-- vendorData -->
  <testcase classname="com.debs.tests.vendorapp.VendorAppTest" name="vendorData" time="25.498">
    <skipped/>
  </testcase> <!-- vendorData -->
</testsuite> <!-- com.debs.tests.vendorapp.VendorAppTest -->
