<?xml version="1.0" encoding="UTF-8"?>
<!-- Generated by org.testng.reporters.JUnitReportReporter -->
<testsuite hostname="DESKTOP-9B17GPK" failures="0" tests="3" name="com.debs.tests.vendorapp.VendorAppTest" time="21.680" errors="0" timestamp="2026-02-25T00:01:10 IST" skipped="0">
  <testcase classname="com.debs.tests.vendorapp.VendorAppTest" name="vendorData" time="7.271"/>
  <testcase classname="com.debs.tests.vendorapp.VendorAppTest" name="vendorData" time="7.206"/>
  <testcase classname="com.debs.tests.vendorapp.VendorAppTest" name="vendorData" time="7.203"/>
</testsuite> <!-- com.debs.tests.vendorapp.VendorAppTest -->
