<?xml version="1.0" encoding="UTF-8"?>
<!-- Generated by org.testng.reporters.JUnitReportReporter -->
<testsuite hostname="DESKTOP-9B17GPK" failures="0" tests="5" name="com.debs.tests.bookflights.BookFlightTest" time="335.768" errors="0" timestamp="2026-03-03T16:29:27 IST" skipped="0">
  <testcase classname="com.debs.tests.bookflights.BookFlightTest" name="validUser" time="71.735"/>
  <testcase classname="com.debs.tests.bookflights.BookFlightTest" name="validUser" time="79.845"/>
  <testcase classname="com.debs.tests.bookflights.BookFlightTest" name="validUser" time="65.704"/>
  <testcase classname="com.debs.tests.bookflights.BookFlightTest" name="invalidUser" time="49.034"/>
  <testcase classname="com.debs.tests.bookflights.BookFlightTest" name="validUser" time="69.450"/>
</testsuite> <!-- com.debs.tests.bookflights.BookFlightTest -->
